2024-04-06 20:15:53,408 - INFO - Generated set15\svg_variant_6.svg with base/top color #9D262F and eyelid color #5ABAD3
2024-04-06 20:30:38,898 - INFO - Generated set16\svg_variant_1.svg with base/top color #3B088C and eyelid color #45B2D3
2024-04-06 20:30:38,899 - INFO - Generated set16\svg_variant_2.svg with base/top color #371471 and eyelid color #F09837
2024-04-06 20:30:38,899 - INFO - Generated set16\svg_variant_3.svg with base/top color #4A2387 and eyelid color #EF9933
2024-04-06 20:30:38,900 - INFO - Generated set16\svg_variant_4.svg with base/top color #322F92 and eyelid color #63C23C
2024-04-06 20:30:38,900 - INFO - Generated set16\svg_variant_5.svg with base/top color #D41515 and eyelid color #60B1F4
2024-04-06 20:30:38,900 - INFO - Generated set16\svg_variant_6.svg with base/top color #9D262F and eyelid color #5ABAD3
2024-04-06 20:31:28,974 - INFO - Generated set17\svg_variant_1.svg with base/top color #3B088C and eyelid color #45B2D3
2024-04-06 20:31:28,974 - INFO - Generated set17\svg_variant_2.svg with base/top color #371471 and eyelid color #F09837
2024-04-06 20:31:28,975 - INFO - Generated set17\svg_variant_3.svg with base/top color #4A2387 and eyelid color #EF9933
2024-04-06 20:31:28,976 - INFO - Generated set17\svg_variant_4.svg with base/top color #322F92 and eyelid color #63C23C
2024-04-06 20:31:28,976 - INFO - Generated set17\svg_variant_5.svg with base/top color #D41515 and eyelid color #60B1F4
2024-04-06 20:31:28,976 - INFO - Generated set17\svg_variant_6.svg with base/top color #9D262F and eyelid color #5ABAD3
2024-04-06 20:32:06,913 - INFO - Generated set18\svg_variant_1.svg with base/top color #3B088C and eyelid color #45B2D3
2024-04-06 20:32:06,914 - INFO - Generated set18\svg_variant_2.svg with base/top color #371471 and eyelid color #F09837
2024-04-06 20:32:06,915 - INFO - Generated set18\svg_variant_3.svg with base/top color #4A2387 and eyelid color #EF9933
2024-04-06 20:32:06,915 - INFO - Generated set18\svg_variant_4.svg with base/top color #322F92 and eyelid color #63C23C
2024-04-06 20:32:06,916 - INFO - Generated set18\svg_variant_5.svg with base/top color #D41515 and eyelid color #60B1F4
2024-04-06 20:32:06,916 - INFO - Generated set18\svg_variant_6.svg with base/top color #9D262F and eyelid color #5ABAD3
2024-04-06 20:32:06,917 - INFO - Generated set18\svg_variant_7.svg with base/top color #25438C and eyelid color #FF9193
2024-04-06 20:32:06,917 - INFO - Generated set18\svg_variant_8.svg with base/top color #2E4985 and eyelid color #F2A43A
2024-04-06 20:32:06,917 - INFO - Generated set18\svg_variant_9.svg with base/top color #6C31D7 and eyelid color #F2A840
2024-04-06 20:32:06,918 - INFO - Generated set18\svg_variant_10.svg with base/top color #3D43B3 and eyelid color #FFAB00
2024-04-06 20:32:06,918 - INFO - Generated set18\svg_variant_11.svg with base/top color #F2281C and eyelid color #F2A93C
2024-04-06 20:32:06,919 - INFO - Generated set18\svg_variant_12.svg with base/top color #C23532 and eyelid color #F9A45C
2024-04-06 20:32:06,919 - INFO - Generated set18\svg_variant_13.svg with base/top color #D5332F and eyelid color #5FCD8C
2024-04-06 20:32:06,919 - INFO - Generated set18\svg_variant_14.svg with base/top color #DA3321 and eyelid color #5FC9BF
2024-04-06 20:32:06,919 - INFO - Generated set18\svg_variant_15.svg with base/top color #DE3237 and eyelid color #F2B341
2024-04-06 20:32:06,919 - INFO - Generated set18\svg_variant_16.svg with base/top color #DB2F96 and eyelid color #A7CA45
2024-04-06 20:32:06,919 - INFO - Generated set18\svg_variant_17.svg with base/top color #9741DA and eyelid color #FFB340
2024-04-06 20:32:06,919 - INFO - Generated set18\svg_variant_18.svg with base/top color #EA3A2D and eyelid color #6AD1DE
2024-04-06 20:32:06,919 - INFO - Generated set18\svg_variant_19.svg with base/top color #3263D0 and eyelid color #77D3DE
2024-04-06 20:32:06,919 - INFO - Generated set18\svg_variant_20.svg with base/top color #525EAA and eyelid color #81D1EC
2024-04-06 20:34:03,938 - INFO - Generated set1\svg_variant_1.svg with base/top color #3B088C and eyelid color #45B2D3
2024-04-06 20:34:03,938 - INFO - Generated set1\svg_variant_2.svg with base/top color #371471 and eyelid color #F09837
2024-04-06 20:34:03,938 - INFO - Generated set1\svg_variant_3.svg with base/top color #4A2387 and eyelid color #EF9933
2024-04-06 20:34:03,938 - INFO - Generated set1\svg_variant_4.svg with base/top color #322F92 and eyelid color #63C23C
2024-04-06 20:34:03,938 - INFO - Generated set1\svg_variant_5.svg with base/top color #D41515 and eyelid color #60B1F4
2024-04-06 20:34:03,938 - INFO - Generated set1\svg_variant_6.svg with base/top color #9D262F and eyelid color #5ABAD3
2024-04-06 20:34:03,938 - INFO - Generated set1\svg_variant_7.svg with base/top color #25438C and eyelid color #FF9193
2024-04-06 20:34:03,938 - INFO - Generated set1\svg_variant_8.svg with base/top color #2E4985 and eyelid color #F2A43A
2024-04-06 20:34:03,938 - INFO - Generated set1\svg_variant_9.svg with base/top color #6C31D7 and eyelid color #F2A840
2024-04-06 20:34:03,938 - INFO - Generated set1\svg_variant_10.svg with base/top color #3D43B3 and eyelid color #FFAB00
2024-04-06 20:34:03,938 - INFO - Generated set1\svg_variant_11.svg with base/top color #F2281C and eyelid color #F2A93C
2024-04-06 20:34:03,938 - INFO - Generated set1\svg_variant_12.svg with base/top color #C23532 and eyelid color #F9A45C
2024-04-06 20:34:03,938 - INFO - Generated set1\svg_variant_13.svg with base/top color #D5332F and eyelid color #5FCD8C
2024-04-06 20:34:03,938 - INFO - Generated set1\svg_variant_14.svg with base/top color #DA3321 and eyelid color #5FC9BF
2024-04-06 20:34:03,938 - INFO - Generated set1\svg_variant_15.svg with base/top color #DE3237 and eyelid color #F2B341
2024-04-06 20:34:03,938 - INFO - Generated set1\svg_variant_16.svg with base/top color #DB2F96 and eyelid color #A7CA45
2024-04-06 20:34:03,938 - INFO - Generated set1\svg_variant_17.svg with base/top color #9741DA and eyelid color #FFB340
2024-04-06 20:34:03,938 - INFO - Generated set1\svg_variant_18.svg with base/top color #EA3A2D and eyelid color #6AD1DE
2024-04-06 20:34:03,938 - INFO - Generated set1\svg_variant_19.svg with base/top color #3263D0 and eyelid color #77D3DE
2024-04-06 20:34:03,938 - INFO - Generated set1\svg_variant_20.svg with base/top color #525EAA and eyelid color #81D1EC
2024-04-06 20:36:11,246 - INFO - Generated set2\svg_variant_1.svg with base/top color #45B2D3 and eyelid color #3B088C
2024-04-06 20:36:11,246 - INFO - Generated set2\svg_variant_2.svg with base/top color #F09837 and eyelid color #371471
2024-04-06 20:36:11,247 - INFO - Generated set2\svg_variant_3.svg with base/top color #EF9933 and eyelid color #4A2387
2024-04-06 20:36:11,248 - INFO - Generated set2\svg_variant_4.svg with base/top color #63C23C and eyelid color #322F92
2024-04-06 20:36:11,248 - INFO - Generated set2\svg_variant_5.svg with base/top color #60B1F4 and eyelid color #D41515
2024-04-06 20:36:11,248 - INFO - Generated set2\svg_variant_6.svg with base/top color #5ABAD3 and eyelid color #9D262F
2024-04-06 20:36:11,249 - INFO - Generated set2\svg_variant_7.svg with base/top color #FF9193 and eyelid color #25438C
2024-04-06 20:36:11,249 - INFO - Generated set2\svg_variant_8.svg with base/top color #F2A43A and eyelid color #2E4985
2024-04-06 20:36:11,250 - INFO - Generated set2\svg_variant_9.svg with base/top color #F2A840 and eyelid color #6C31D7
2024-04-06 20:36:11,250 - INFO - Generated set2\svg_variant_10.svg with base/top color #FFAB00 and eyelid color #3D43B3
2024-04-06 20:36:11,250 - INFO - Generated set2\svg_variant_11.svg with base/top color #F2A93C and eyelid color #F2281C
2024-04-06 20:36:11,251 - INFO - Generated set2\svg_variant_12.svg with base/top color #F9A45C and eyelid color #C23532
2024-04-06 20:36:11,251 - INFO - Generated set2\svg_variant_13.svg with base/top color #5FCD8C and eyelid color #D5332F
2024-04-06 20:36:11,252 - INFO - Generated set2\svg_variant_14.svg with base/top color #5FC9BF and eyelid color #DA3321
2024-04-06 20:36:11,252 - INFO - Generated set2\svg_variant_15.svg with base/top color #F2B341 and eyelid color #DE3237
2024-04-06 20:36:11,253 - INFO - Generated set2\svg_variant_16.svg with base/top color #A7CA45 and eyelid color #DB2F96
2024-04-06 20:36:11,253 - INFO - Generated set2\svg_variant_17.svg with base/top color #FFB340 and eyelid color #9741DA
2024-04-06 20:36:11,253 - INFO - Generated set2\svg_variant_18.svg with base/top color #6AD1DE and eyelid color #EA3A2D
2024-04-06 20:36:11,254 - INFO - Generated set2\svg_variant_19.svg with base/top color #77D3DE and eyelid color #3263D0
2024-04-06 20:36:11,254 - INFO - Generated set2\svg_variant_20.svg with base/top color #81D1EC and eyelid color #525EAA
2024-04-06 20:43:03,203 - INFO - Generated set3\svg_variant_1.svg with base/top color #3B088C and eyelid color #45B2D3
2024-04-06 20:43:03,218 - INFO - Generated set3\svg_variant_2.svg with base/top color #371471 and eyelid color #F09837
2024-04-06 20:43:03,218 - INFO - Generated set3\svg_variant_3.svg with base/top color #4A2387 and eyelid color #EF9933
2024-04-06 20:43:03,219 - INFO - Generated set3\svg_variant_4.svg with base/top color #322F92 and eyelid color #63C23C
2024-04-06 20:43:03,219 - INFO - Generated set3\svg_variant_5.svg with base/top color #D41515 and eyelid color #60B1F4
2024-04-06 20:43:03,220 - INFO - Generated set3\svg_variant_6.svg with base/top color #9D262F and eyelid color #5ABAD3
2024-04-06 20:43:03,220 - INFO - Generated set3\svg_variant_7.svg with base/top color #25438C and eyelid color #FF9193
2024-04-06 20:43:03,221 - INFO - Generated set3\svg_variant_8.svg with base/top color #2E4985 and eyelid color #F2A43A
2024-04-06 20:43:03,221 - INFO - Generated set3\svg_variant_9.svg with base/top color #6C31D7 and eyelid color #F2A840
2024-04-06 20:43:03,222 - INFO - Generated set3\svg_variant_10.svg with base/top color #3D43B3 and eyelid color #FFAB00
2024-04-06 20:43:03,222 - INFO - Generated set3\svg_variant_11.svg with base/top color #F2281C and eyelid color #F2A93C
2024-04-06 20:43:03,222 - INFO - Generated set3\svg_variant_12.svg with base/top color #C23532 and eyelid color #F9A45C
2024-04-06 20:43:03,223 - INFO - Generated set3\svg_variant_13.svg with base/top color #D5332F and eyelid color #5FCD8C
2024-04-06 20:43:03,223 - INFO - Generated set3\svg_variant_14.svg with base/top color #DA3321 and eyelid color #5FC9BF
2024-04-06 20:43:03,224 - INFO - Generated set3\svg_variant_15.svg with base/top color #DE3237 and eyelid color #F2B341
2024-04-06 20:43:03,224 - INFO - Generated set3\svg_variant_16.svg with base/top color #DB2F96 and eyelid color #A7CA45
2024-04-06 20:43:03,224 - INFO - Generated set3\svg_variant_17.svg with base/top color #9741DA and eyelid color #FFB340
2024-04-06 20:43:03,225 - INFO - Generated set3\svg_variant_18.svg with base/top color #EA3A2D and eyelid color #6AD1DE
2024-04-06 20:43:03,225 - INFO - Generated set3\svg_variant_19.svg with base/top color #3263D0 and eyelid color #77D3DE
2024-04-06 20:43:03,226 - INFO - Generated set3\svg_variant_20.svg with base/top color #525EAA and eyelid color #81D1EC
2024-04-06 20:43:03,226 - INFO - Generated set3\svg_variant_21.svg with base/top color #EB4429 and eyelid color #A4C8EE
2024-04-06 20:43:03,226 - INFO - Generated set3\svg_variant_22.svg with base/top color #E8424E and eyelid color #F4C44A
2024-04-06 20:43:03,227 - INFO - Generated set3\svg_variant_23.svg with base/top color #E73E85 and eyelid color #94E337
2024-04-06 20:43:03,227 - INFO - Generated set3\svg_variant_24.svg with base/top color #F2399D and eyelid color #77E39F
2024-04-06 20:43:03,228 - INFO - Generated set3\svg_variant_25.svg with base/top color #33758D and eyelid color #86E48E
2024-04-06 20:43:03,228 - INFO - Generated set3\svg_variant_26.svg with base/top color #2480BD and eyelid color #F6CB45
2024-04-06 20:43:03,228 - INFO - Generated set3\svg_variant_27.svg with base/top color #D05C35 and eyelid color #F7CA57
2024-04-06 20:43:03,229 - INFO - Generated set3\svg_variant_28.svg with base/top color #4576D0 and eyelid color #9AD9FB
2024-04-06 20:43:03,229 - INFO - Generated set3\svg_variant_29.svg with base/top color #E84AA9 and eyelid color #FAD064
2024-04-06 20:43:03,230 - INFO - Generated set3\svg_variant_30.svg with base/top color #EA5B33 and eyelid color #A7DDF9
2024-04-06 21:22:41,013 - INFO - Generated set4\svg_variant_1.svg with base/top color #3B088C and eyelid color #45B2D3
2024-04-06 21:22:41,013 - INFO - Generated set4\svg_variant_2.svg with base/top color #371471 and eyelid color #F09837
2024-04-06 21:22:41,014 - INFO - Generated set4\svg_variant_3.svg with base/top color #4A2387 and eyelid color #EF9933
2024-04-06 21:22:41,014 - INFO - Generated set4\svg_variant_4.svg with base/top color #322F92 and eyelid color #63C23C
2024-04-06 21:22:41,015 - INFO - Generated set4\svg_variant_5.svg with base/top color #D41515 and eyelid color #60B1F4
2024-04-06 21:22:41,015 - INFO - Generated set4\svg_variant_6.svg with base/top color #9D262F and eyelid color #5ABAD3
2024-04-06 21:22:41,016 - INFO - Generated set4\svg_variant_7.svg with base/top color #25438C and eyelid color #FF9193
2024-04-06 21:22:41,016 - INFO - Generated set4\svg_variant_8.svg with base/top color #2E4985 and eyelid color #F2A43A
2024-04-06 21:22:41,017 - INFO - Generated set4\svg_variant_9.svg with base/top color #6C31D7 and eyelid color #F2A840
2024-04-06 21:22:41,017 - INFO - Generated set4\svg_variant_10.svg with base/top color #3D43B3 and eyelid color #FFAB00
2024-04-06 21:22:41,017 - INFO - Generated set4\svg_variant_11.svg with base/top color #F2281C and eyelid color #F2A93C
2024-04-06 21:22:41,018 - INFO - Generated set4\svg_variant_12.svg with base/top color #C23532 and eyelid color #F9A45C
2024-04-06 21:22:41,018 - INFO - Generated set4\svg_variant_13.svg with base/top color #D5332F and eyelid color #5FCD8C
2024-04-06 21:22:41,019 - INFO - Generated set4\svg_variant_14.svg with base/top color #DA3321 and eyelid color #5FC9BF
2024-04-06 21:22:41,019 - INFO - Generated set4\svg_variant_15.svg with base/top color #DE3237 and eyelid color #F2B341
2024-04-06 21:22:41,020 - INFO - Generated set4\svg_variant_16.svg with base/top color #DB2F96 and eyelid color #A7CA45
2024-04-06 21:22:41,020 - INFO - Generated set4\svg_variant_17.svg with base/top color #9741DA and eyelid color #FFB340
2024-04-06 21:22:41,021 - INFO - Generated set4\svg_variant_18.svg with base/top color #EA3A2D and eyelid color #6AD1DE
2024-04-06 21:22:41,021 - INFO - Generated set4\svg_variant_19.svg with base/top color #3263D0 and eyelid color #77D3DE
2024-04-06 21:22:41,021 - INFO - Generated set4\svg_variant_20.svg with base/top color #525EAA and eyelid color #81D1EC
2024-04-06 21:22:41,022 - INFO - Generated set4\svg_variant_21.svg with base/top color #EB4429 and eyelid color #A4C8EE
2024-04-06 21:22:41,022 - INFO - Generated set4\svg_variant_22.svg with base/top color #E8424E and eyelid color #F4C44A
2024-04-06 21:22:41,022 - INFO - Generated set4\svg_variant_23.svg with base/top color #E73E85 and eyelid color #94E337
2024-04-06 21:22:41,023 - INFO - Generated set4\svg_variant_24.svg with base/top color #F2399D and eyelid color #77E39F
2024-04-06 21:22:41,023 - INFO - Generated set4\svg_variant_25.svg with base/top color #33758D and eyelid color #86E48E
2024-04-06 21:22:41,024 - INFO - Generated set4\svg_variant_26.svg with base/top color #2480BD and eyelid color #F6CB45
2024-04-06 21:22:41,024 - INFO - Generated set4\svg_variant_27.svg with base/top color #D05C35 and eyelid color #F7CA57
2024-04-06 21:22:41,025 - INFO - Generated set4\svg_variant_28.svg with base/top color #4576D0 and eyelid color #9AD9FB
2024-04-06 21:22:41,025 - INFO - Generated set4\svg_variant_29.svg with base/top color #E84AA9 and eyelid color #FAD064
2024-04-06 21:22:41,026 - INFO - Generated set4\svg_variant_30.svg with base/top color #EA5B33 and eyelid color #A7DDF9
